The system is: Linux - 3.10.0-1127.8.2.el7.x86_64 - x86_64
Compiling the CXX compiler identification source file "CMakeCXXCompilerId.cpp" succeeded.
Compiler: /home/frodo/public/ugls_lab-4.0.70/bin/clang++ 
Build flags: 
Id flags:  

The output was:
0


Compilation of the CXX compiler identification source "CMakeCXXCompilerId.cpp" produced "a.out"

The CXX compiler identification is Clang, found in "/home/judeonyia/Documents/ECE596C_Assignments/ECE596C_Assgn_2/cpp_compile_time-JudeOnyia/cktmp/package-math_orig/derived/CMakeFiles/3.17.1/CompilerIdCXX/a.out"

Determining if the CXX compiler works passed with the following output:
Change Dir: /home/judeonyia/Documents/ECE596C_Assignments/ECE596C_Assgn_2/cpp_compile_time-JudeOnyia/cktmp/package-math_orig/derived/CMakeFiles/CMakeTmp

Run Build Command(s):/usr/bin/gmake cmTC_e27f1/fast && /usr/bin/gmake  -f CMakeFiles/cmTC_e27f1.dir/build.make CMakeFiles/cmTC_e27f1.dir/build
gmake[1]: Entering directory `/home/judeonyia/Documents/ECE596C_Assignments/ECE596C_Assgn_2/cpp_compile_time-JudeOnyia/cktmp/package-math_orig/derived/CMakeFiles/CMakeTmp'
Building CXX object CMakeFiles/cmTC_e27f1.dir/testCXXCompiler.cxx.o
/home/frodo/public/ugls_lab-4.0.70/bin/clang++     -o CMakeFiles/cmTC_e27f1.dir/testCXXCompiler.cxx.o -c /home/judeonyia/Documents/ECE596C_Assignments/ECE596C_Assgn_2/cpp_compile_time-JudeOnyia/cktmp/package-math_orig/derived/CMakeFiles/CMakeTmp/testCXXCompiler.cxx
clang-10: warning: -Wl,-rpath,/home/frodo/public/ugls_lab-4.0.70/packages/gcc/lib64: 'linker' input unused [-Wunused-command-line-argument]
clang-10: warning: -Wl,-rpath,/home/frodo/public/ugls_lab-4.0.70/packages/clang/lib: 'linker' input unused [-Wunused-command-line-argument]
clang-10: warning: -Wl,-rpath,/home/frodo/public/ugls_lab-4.0.70/packages/boost/lib: 'linker' input unused [-Wunused-command-line-argument]
clang-10: warning: -Wl,-rpath,/home/frodo/public/ugls_lab-4.0.70/packages/catch/lib64: 'linker' input unused [-Wunused-command-line-argument]
clang-10: warning: -Wl,-rpath,/home/frodo/public/ugls_lab-4.0.70/packages/CGAL/lib64: 'linker' input unused [-Wunused-command-line-argument]
clang-10: warning: -Wl,-rpath,/home/frodo/public/ugls_lab-4.0.70/packages/jasper/lib64: 'linker' input unused [-Wunused-command-line-argument]
clang-10: warning: -Wl,-rpath,/home/frodo/public/ugls_lab-4.0.70/packages/clang/lib64: 'linker' input unused [-Wunused-command-line-argument]
clang-10: warning: argument unused during compilation: '-L/home/frodo/public/ugls_lab-4.0.70/packages/gcc/lib64' [-Wunused-command-line-argument]
clang-10: warning: argument unused during compilation: '-L/home/frodo/public/ugls_lab-4.0.70/packages/clang/lib' [-Wunused-command-line-argument]
clang-10: warning: argument unused during compilation: '-L/home/frodo/public/ugls_lab-4.0.70/packages/boost/lib' [-Wunused-command-line-argument]
clang-10: warning: argument unused during compilation: '-L/home/frodo/public/ugls_lab-4.0.70/packages/catch/lib64' [-Wunused-command-line-argument]
clang-10: warning: argument unused during compilation: '-L/home/frodo/public/ugls_lab-4.0.70/packages/CGAL/lib64' [-Wunused-command-line-argument]
clang-10: warning: argument unused during compilation: '-L/home/frodo/public/ugls_lab-4.0.70/packages/jasper/lib64' [-Wunused-command-line-argument]
Linking CXX executable cmTC_e27f1
/home/frodo/public/ugls_lab-4.0.70/packages/cmake-3.17.1/bin/cmake -E cmake_link_script CMakeFiles/cmTC_e27f1.dir/link.txt --verbose=1
/home/frodo/public/ugls_lab-4.0.70/bin/clang++       -rdynamic CMakeFiles/cmTC_e27f1.dir/testCXXCompiler.cxx.o  -o cmTC_e27f1 
gmake[1]: Leaving directory `/home/judeonyia/Documents/ECE596C_Assignments/ECE596C_Assgn_2/cpp_compile_time-JudeOnyia/cktmp/package-math_orig/derived/CMakeFiles/CMakeTmp'



Detecting CXX compiler ABI info compiled with the following output:
Change Dir: /home/judeonyia/Documents/ECE596C_Assignments/ECE596C_Assgn_2/cpp_compile_time-JudeOnyia/cktmp/package-math_orig/derived/CMakeFiles/CMakeTmp

Run Build Command(s):/usr/bin/gmake cmTC_8652f/fast && /usr/bin/gmake  -f CMakeFiles/cmTC_8652f.dir/build.make CMakeFiles/cmTC_8652f.dir/build
gmake[1]: Entering directory `/home/judeonyia/Documents/ECE596C_Assignments/ECE596C_Assgn_2/cpp_compile_time-JudeOnyia/cktmp/package-math_orig/derived/CMakeFiles/CMakeTmp'
Building CXX object CMakeFiles/cmTC_8652f.dir/CMakeCXXCompilerABI.cpp.o
/home/frodo/public/ugls_lab-4.0.70/bin/clang++    -v -o CMakeFiles/cmTC_8652f.dir/CMakeCXXCompilerABI.cpp.o -c /home/frodo/public/ugls_lab-4.0.70/packages/cmake-3.17.1/share/cmake-3.17/Modules/CMakeCXXCompilerABI.cpp
clang version 10.0.0 
Target: x86_64-unknown-linux-gnu
Thread model: posix
InstalledDir: /home/frodo/public/ugls_lab-4.0.70/packages/clang/bin
Found candidate GCC installation: /home/frodo/public/ugls_lab-4.0.70/packages/gcc/lib/gcc/x86_64-pc-linux-gnu/9.3.0
Selected GCC installation: /home/frodo/public/ugls_lab-4.0.70/packages/gcc/lib/gcc/x86_64-pc-linux-gnu/9.3.0
Candidate multilib: .;@m64
Selected multilib: .;@m64
clang-10: warning: -Wl,-rpath,/home/frodo/public/ugls_lab-4.0.70/packages/gcc/lib64: 'linker' input unused [-Wunused-command-line-argument]
clang-10: warning: -Wl,-rpath,/home/frodo/public/ugls_lab-4.0.70/packages/clang/lib: 'linker' input unused [-Wunused-command-line-argument]
clang-10: warning: -Wl,-rpath,/home/frodo/public/ugls_lab-4.0.70/packages/boost/lib: 'linker' input unused [-Wunused-command-line-argument]
clang-10: warning: -Wl,-rpath,/home/frodo/public/ugls_lab-4.0.70/packages/catch/lib64: 'linker' input unused [-Wunused-command-line-argument]
clang-10: warning: -Wl,-rpath,/home/frodo/public/ugls_lab-4.0.70/packages/CGAL/lib64: 'linker' input unused [-Wunused-command-line-argument]
clang-10: warning: -Wl,-rpath,/home/frodo/public/ugls_lab-4.0.70/packages/jasper/lib64: 'linker' input unused [-Wunused-command-line-argument]
clang-10: warning: -Wl,-rpath,/home/frodo/public/ugls_lab-4.0.70/packages/clang/lib64: 'linker' input unused [-Wunused-command-line-argument]
clang-10: warning: argument unused during compilation: '-L/home/frodo/public/ugls_lab-4.0.70/packages/gcc/lib64' [-Wunused-command-line-argument]
clang-10: warning: argument unused during compilation: '-L/home/frodo/public/ugls_lab-4.0.70/packages/clang/lib' [-Wunused-command-line-argument]
clang-10: warning: argument unused during compilation: '-L/home/frodo/public/ugls_lab-4.0.70/packages/boost/lib' [-Wunused-command-line-argument]
clang-10: warning: argument unused during compilation: '-L/home/frodo/public/ugls_lab-4.0.70/packages/catch/lib64' [-Wunused-command-line-argument]
clang-10: warning: argument unused during compilation: '-L/home/frodo/public/ugls_lab-4.0.70/packages/CGAL/lib64' [-Wunused-command-line-argument]
clang-10: warning: argument unused during compilation: '-L/home/frodo/public/ugls_lab-4.0.70/packages/jasper/lib64' [-Wunused-command-line-argument]
 (in-process)
 "/home/frodo/public/ugls_lab-4.0.70/packages/clang-10.0.0/bin/clang-10" -cc1 -triple x86_64-unknown-linux-gnu -emit-obj -mrelax-all -disable-free -disable-llvm-verifier -discard-value-names -main-file-name CMakeCXXCompilerABI.cpp -mrelocation-model static -mthread-model posix -mframe-pointer=all -fmath-errno -fno-rounding-math -masm-verbose -mconstructor-aliases -munwind-tables -target-cpu x86-64 -dwarf-column-info -fno-split-dwarf-inlining -debugger-tuning=gdb -v -resource-dir /home/frodo/public/ugls_lab-4.0.70/packages/clang-10.0.0/lib/clang/10.0.0 -isystem /home/frodo/public/ugls_lab-4.0.70/packages/boost/include -isystem /home/frodo/public/ugls_lab-4.0.70/packages/catch/include -isystem /home/frodo/public/ugls_lab-4.0.70/packages/gsl/include -isystem /home/frodo/public/ugls_lab-4.0.70/packages/CGAL/include -isystem /home/frodo/public/ugls_lab-4.0.70/packages/jasper/include -internal-isystem /home/frodo/public/ugls_lab-4.0.70/packages/gcc/lib/gcc/x86_64-pc-linux-gnu/9.3.0/../../../../include/c++/9.3.0 -internal-isystem /home/frodo/public/ugls_lab-4.0.70/packages/gcc/lib/gcc/x86_64-pc-linux-gnu/9.3.0/../../../../include/c++/9.3.0/x86_64-pc-linux-gnu -internal-isystem /home/frodo/public/ugls_lab-4.0.70/packages/gcc/lib/gcc/x86_64-pc-linux-gnu/9.3.0/../../../../include/c++/9.3.0/backward -internal-isystem /usr/local/include -internal-isystem /home/frodo/public/ugls_lab-4.0.70/packages/clang-10.0.0/lib/clang/10.0.0/include -internal-externc-isystem /include -internal-externc-isystem /usr/include -fdeprecated-macro -fdebug-compilation-dir /home/judeonyia/Documents/ECE596C_Assignments/ECE596C_Assgn_2/cpp_compile_time-JudeOnyia/cktmp/package-math_orig/derived/CMakeFiles/CMakeTmp -ferror-limit 19 -fmessage-length 0 -fgnuc-version=4.2.1 -fobjc-runtime=gcc -fcxx-exceptions -fexceptions -fdiagnostics-show-option -faddrsig -o CMakeFiles/cmTC_8652f.dir/CMakeCXXCompilerABI.cpp.o -x c++ /home/frodo/public/ugls_lab-4.0.70/packages/cmake-3.17.1/share/cmake-3.17/Modules/CMakeCXXCompilerABI.cpp
clang -cc1 version 10.0.0 based upon LLVM 10.0.0 default target x86_64-unknown-linux-gnu
ignoring nonexistent directory "/include"
#include "..." search starts here:
#include <...> search starts here:
 /home/frodo/public/ugls_lab-4.0.70/packages/boost/include
 /home/frodo/public/ugls_lab-4.0.70/packages/catch/include
 /home/frodo/public/ugls_lab-4.0.70/packages/gsl/include
 /home/frodo/public/ugls_lab-4.0.70/packages/CGAL/include
 /home/frodo/public/ugls_lab-4.0.70/packages/jasper/include
 /home/frodo/public/ugls_lab-4.0.70/packages/gcc/lib/gcc/x86_64-pc-linux-gnu/9.3.0/../../../../include/c++/9.3.0
 /home/frodo/public/ugls_lab-4.0.70/packages/gcc/lib/gcc/x86_64-pc-linux-gnu/9.3.0/../../../../include/c++/9.3.0/x86_64-pc-linux-gnu
 /home/frodo/public/ugls_lab-4.0.70/packages/gcc/lib/gcc/x86_64-pc-linux-gnu/9.3.0/../../../../include/c++/9.3.0/backward
 /usr/local/include
 /home/frodo/public/ugls_lab-4.0.70/packages/clang-10.0.0/lib/clang/10.0.0/include
 /usr/include
End of search list.
Linking CXX executable cmTC_8652f
/home/frodo/public/ugls_lab-4.0.70/packages/cmake-3.17.1/bin/cmake -E cmake_link_script CMakeFiles/cmTC_8652f.dir/link.txt --verbose=1
/home/frodo/public/ugls_lab-4.0.70/bin/clang++      -v -rdynamic CMakeFiles/cmTC_8652f.dir/CMakeCXXCompilerABI.cpp.o  -o cmTC_8652f 
clang version 10.0.0 
Target: x86_64-unknown-linux-gnu
Thread model: posix
InstalledDir: /home/frodo/public/ugls_lab-4.0.70/packages/clang/bin
Found candidate GCC installation: /home/frodo/public/ugls_lab-4.0.70/packages/gcc/lib/gcc/x86_64-pc-linux-gnu/9.3.0
Selected GCC installation: /home/frodo/public/ugls_lab-4.0.70/packages/gcc/lib/gcc/x86_64-pc-linux-gnu/9.3.0
Candidate multilib: .;@m64
Selected multilib: .;@m64
 "/usr/bin/ld" -export-dynamic --hash-style=gnu --eh-frame-hdr -m elf_x86_64 -export-dynamic -dynamic-linker /lib64/ld-linux-x86-64.so.2 -o cmTC_8652f /lib/../lib64/crt1.o /lib/../lib64/crti.o /home/frodo/public/ugls_lab-4.0.70/packages/gcc/lib/gcc/x86_64-pc-linux-gnu/9.3.0/crtbegin.o -L/home/frodo/public/ugls_lab-4.0.70/packages/gcc/lib64 -L/home/frodo/public/ugls_lab-4.0.70/packages/clang/lib -L/home/frodo/public/ugls_lab-4.0.70/packages/boost/lib -L/home/frodo/public/ugls_lab-4.0.70/packages/catch/lib64 -L/home/frodo/public/ugls_lab-4.0.70/packages/CGAL/lib64 -L/home/frodo/public/ugls_lab-4.0.70/packages/jasper/lib64 -L/home/frodo/public/ugls_lab-4.0.70/packages/gcc/lib/gcc/x86_64-pc-linux-gnu/9.3.0 -L/home/frodo/public/ugls_lab-4.0.70/packages/gcc/lib/gcc/x86_64-pc-linux-gnu/9.3.0/../../../../lib64 -L/lib/../lib64 -L/usr/lib/../lib64 -L/home/frodo/public/ugls_lab-4.0.70/packages/gcc/lib/gcc/x86_64-pc-linux-gnu/9.3.0/../../.. -L/home/frodo/public/ugls_lab-4.0.70/packages/clang-10.0.0/bin/../lib -L/lib -L/usr/lib CMakeFiles/cmTC_8652f.dir/CMakeCXXCompilerABI.cpp.o -rpath /home/frodo/public/ugls_lab-4.0.70/packages/gcc/lib64 -rpath /home/frodo/public/ugls_lab-4.0.70/packages/clang/lib -rpath /home/frodo/public/ugls_lab-4.0.70/packages/boost/lib -rpath /home/frodo/public/ugls_lab-4.0.70/packages/catch/lib64 -rpath /home/frodo/public/ugls_lab-4.0.70/packages/CGAL/lib64 -rpath /home/frodo/public/ugls_lab-4.0.70/packages/jasper/lib64 -rpath /home/frodo/public/ugls_lab-4.0.70/packages/clang/lib64 -lstdc++ -lm -lgcc_s -lgcc -lc -lgcc_s -lgcc /home/frodo/public/ugls_lab-4.0.70/packages/gcc/lib/gcc/x86_64-pc-linux-gnu/9.3.0/crtend.o /lib/../lib64/crtn.o
gmake[1]: Leaving directory `/home/judeonyia/Documents/ECE596C_Assignments/ECE596C_Assgn_2/cpp_compile_time-JudeOnyia/cktmp/package-math_orig/derived/CMakeFiles/CMakeTmp'



Parsed CXX implicit include dir info from above output: rv=done
  found start of include info
  found start of implicit include info
    add: [/home/frodo/public/ugls_lab-4.0.70/packages/boost/include]
    add: [/home/frodo/public/ugls_lab-4.0.70/packages/catch/include]
    add: [/home/frodo/public/ugls_lab-4.0.70/packages/gsl/include]
    add: [/home/frodo/public/ugls_lab-4.0.70/packages/CGAL/include]
    add: [/home/frodo/public/ugls_lab-4.0.70/packages/jasper/include]
    add: [/home/frodo/public/ugls_lab-4.0.70/packages/gcc/lib/gcc/x86_64-pc-linux-gnu/9.3.0/../../../../include/c++/9.3.0]
    add: [/home/frodo/public/ugls_lab-4.0.70/packages/gcc/lib/gcc/x86_64-pc-linux-gnu/9.3.0/../../../../include/c++/9.3.0/x86_64-pc-linux-gnu]
    add: [/home/frodo/public/ugls_lab-4.0.70/packages/gcc/lib/gcc/x86_64-pc-linux-gnu/9.3.0/../../../../include/c++/9.3.0/backward]
    add: [/usr/local/include]
    add: [/home/frodo/public/ugls_lab-4.0.70/packages/clang-10.0.0/lib/clang/10.0.0/include]
    add: [/usr/include]
  end of search list found
  collapse include dir [/home/frodo/public/ugls_lab-4.0.70/packages/boost/include] ==> [/home/frodo/public/ugls_lab-4.0.70/packages/boost/include]
  collapse include dir [/home/frodo/public/ugls_lab-4.0.70/packages/catch/include] ==> [/home/frodo/public/ugls_lab-4.0.70/packages/catch/include]
  collapse include dir [/home/frodo/public/ugls_lab-4.0.70/packages/gsl/include] ==> [/home/frodo/public/ugls_lab-4.0.70/packages/gsl/include]
  collapse include dir [/home/frodo/public/ugls_lab-4.0.70/packages/CGAL/include] ==> [/home/frodo/public/ugls_lab-4.0.70/packages/CGAL/include]
  collapse include dir [/home/frodo/public/ugls_lab-4.0.70/packages/jasper/include] ==> [/home/frodo/public/ugls_lab-4.0.70/packages/jasper/include]
  collapse include dir [/home/frodo/public/ugls_lab-4.0.70/packages/gcc/lib/gcc/x86_64-pc-linux-gnu/9.3.0/../../../../include/c++/9.3.0] ==> [/home/frodo/public/ugls_lab-4.0.70/packages/gcc/include/c++/9.3.0]
  collapse include dir [/home/frodo/public/ugls_lab-4.0.70/packages/gcc/lib/gcc/x86_64-pc-linux-gnu/9.3.0/../../../../include/c++/9.3.0/x86_64-pc-linux-gnu] ==> [/home/frodo/public/ugls_lab-4.0.70/packages/gcc/include/c++/9.3.0/x86_64-pc-linux-gnu]
  collapse include dir [/home/frodo/public/ugls_lab-4.0.70/packages/gcc/lib/gcc/x86_64-pc-linux-gnu/9.3.0/../../../../include/c++/9.3.0/backward] ==> [/home/frodo/public/ugls_lab-4.0.70/packages/gcc/include/c++/9.3.0/backward]
  collapse include dir [/usr/local/include] ==> [/usr/local/include]
  collapse include dir [/home/frodo/public/ugls_lab-4.0.70/packages/clang-10.0.0/lib/clang/10.0.0/include] ==> [/home/frodo/public/ugls_lab-4.0.70/packages/clang-10.0.0/lib/clang/10.0.0/include]
  collapse include dir [/usr/include] ==> [/usr/include]
  implicit include dirs: [/home/frodo/public/ugls_lab-4.0.70/packages/boost/include;/home/frodo/public/ugls_lab-4.0.70/packages/catch/include;/home/frodo/public/ugls_lab-4.0.70/packages/gsl/include;/home/frodo/public/ugls_lab-4.0.70/packages/CGAL/include;/home/frodo/public/ugls_lab-4.0.70/packages/jasper/include;/home/frodo/public/ugls_lab-4.0.70/packages/gcc/include/c++/9.3.0;/home/frodo/public/ugls_lab-4.0.70/packages/gcc/include/c++/9.3.0/x86_64-pc-linux-gnu;/home/frodo/public/ugls_lab-4.0.70/packages/gcc/include/c++/9.3.0/backward;/usr/local/include;/home/frodo/public/ugls_lab-4.0.70/packages/clang-10.0.0/lib/clang/10.0.0/include;/usr/include]


Parsed CXX implicit link information from above output:
  link line regex: [^( *|.*[/\])(ld|CMAKE_LINK_STARTFILE-NOTFOUND|([^/\]+-)?ld|collect2)[^/\]*( |$)]
  ignore line: [Change Dir: /home/judeonyia/Documents/ECE596C_Assignments/ECE596C_Assgn_2/cpp_compile_time-JudeOnyia/cktmp/package-math_orig/derived/CMakeFiles/CMakeTmp]
  ignore line: []
  ignore line: [Run Build Command(s):/usr/bin/gmake cmTC_8652f/fast && /usr/bin/gmake  -f CMakeFiles/cmTC_8652f.dir/build.make CMakeFiles/cmTC_8652f.dir/build]
  ignore line: [gmake[1]: Entering directory `/home/judeonyia/Documents/ECE596C_Assignments/ECE596C_Assgn_2/cpp_compile_time-JudeOnyia/cktmp/package-math_orig/derived/CMakeFiles/CMakeTmp']
  ignore line: [Building CXX object CMakeFiles/cmTC_8652f.dir/CMakeCXXCompilerABI.cpp.o]
  ignore line: [/home/frodo/public/ugls_lab-4.0.70/bin/clang++    -v -o CMakeFiles/cmTC_8652f.dir/CMakeCXXCompilerABI.cpp.o -c /home/frodo/public/ugls_lab-4.0.70/packages/cmake-3.17.1/share/cmake-3.17/Modules/CMakeCXXCompilerABI.cpp]
  ignore line: [clang version 10.0.0 ]
  ignore line: [Target: x86_64-unknown-linux-gnu]
  ignore line: [Thread model: posix]
  ignore line: [InstalledDir: /home/frodo/public/ugls_lab-4.0.70/packages/clang/bin]
  ignore line: [Found candidate GCC installation: /home/frodo/public/ugls_lab-4.0.70/packages/gcc/lib/gcc/x86_64-pc-linux-gnu/9.3.0]
  ignore line: [Selected GCC installation: /home/frodo/public/ugls_lab-4.0.70/packages/gcc/lib/gcc/x86_64-pc-linux-gnu/9.3.0]
  ignore line: [Candidate multilib: .]
  ignore line: [@m64]
  ignore line: [Selected multilib: .]
  ignore line: [@m64]
  ignore line: [clang-10: warning: -Wl -rpath /home/frodo/public/ugls_lab-4.0.70/packages/gcc/lib64: 'linker' input unused [-Wunused-command-line-argument]]
  ignore line: [clang-10: warning: -Wl -rpath /home/frodo/public/ugls_lab-4.0.70/packages/clang/lib: 'linker' input unused [-Wunused-command-line-argument]]
  ignore line: [clang-10: warning: -Wl -rpath /home/frodo/public/ugls_lab-4.0.70/packages/boost/lib: 'linker' input unused [-Wunused-command-line-argument]]
  ignore line: [clang-10: warning: -Wl -rpath /home/frodo/public/ugls_lab-4.0.70/packages/catch/lib64: 'linker' input unused [-Wunused-command-line-argument]]
  ignore line: [clang-10: warning: -Wl -rpath /home/frodo/public/ugls_lab-4.0.70/packages/CGAL/lib64: 'linker' input unused [-Wunused-command-line-argument]]
  ignore line: [clang-10: warning: -Wl -rpath /home/frodo/public/ugls_lab-4.0.70/packages/jasper/lib64: 'linker' input unused [-Wunused-command-line-argument]]
  ignore line: [clang-10: warning: -Wl -rpath /home/frodo/public/ugls_lab-4.0.70/packages/clang/lib64: 'linker' input unused [-Wunused-command-line-argument]]
  ignore line: [clang-10: warning: argument unused during compilation: '-L/home/frodo/public/ugls_lab-4.0.70/packages/gcc/lib64' [-Wunused-command-line-argument]]
  ignore line: [clang-10: warning: argument unused during compilation: '-L/home/frodo/public/ugls_lab-4.0.70/packages/clang/lib' [-Wunused-command-line-argument]]
  ignore line: [clang-10: warning: argument unused during compilation: '-L/home/frodo/public/ugls_lab-4.0.70/packages/boost/lib' [-Wunused-command-line-argument]]
  ignore line: [clang-10: warning: argument unused during compilation: '-L/home/frodo/public/ugls_lab-4.0.70/packages/catch/lib64' [-Wunused-command-line-argument]]
  ignore line: [clang-10: warning: argument unused during compilation: '-L/home/frodo/public/ugls_lab-4.0.70/packages/CGAL/lib64' [-Wunused-command-line-argument]]
  ignore line: [clang-10: warning: argument unused during compilation: '-L/home/frodo/public/ugls_lab-4.0.70/packages/jasper/lib64' [-Wunused-command-line-argument]]
  ignore line: [ (in-process)]
  ignore line: [ "/home/frodo/public/ugls_lab-4.0.70/packages/clang-10.0.0/bin/clang-10" -cc1 -triple x86_64-unknown-linux-gnu -emit-obj -mrelax-all -disable-free -disable-llvm-verifier -discard-value-names -main-file-name CMakeCXXCompilerABI.cpp -mrelocation-model static -mthread-model posix -mframe-pointer=all -fmath-errno -fno-rounding-math -masm-verbose -mconstructor-aliases -munwind-tables -target-cpu x86-64 -dwarf-column-info -fno-split-dwarf-inlining -debugger-tuning=gdb -v -resource-dir /home/frodo/public/ugls_lab-4.0.70/packages/clang-10.0.0/lib/clang/10.0.0 -isystem /home/frodo/public/ugls_lab-4.0.70/packages/boost/include -isystem /home/frodo/public/ugls_lab-4.0.70/packages/catch/include -isystem /home/frodo/public/ugls_lab-4.0.70/packages/gsl/include -isystem /home/frodo/public/ugls_lab-4.0.70/packages/CGAL/include -isystem /home/frodo/public/ugls_lab-4.0.70/packages/jasper/include -internal-isystem /home/frodo/public/ugls_lab-4.0.70/packages/gcc/lib/gcc/x86_64-pc-linux-gnu/9.3.0/../../../../include/c++/9.3.0 -internal-isystem /home/frodo/public/ugls_lab-4.0.70/packages/gcc/lib/gcc/x86_64-pc-linux-gnu/9.3.0/../../../../include/c++/9.3.0/x86_64-pc-linux-gnu -internal-isystem /home/frodo/public/ugls_lab-4.0.70/packages/gcc/lib/gcc/x86_64-pc-linux-gnu/9.3.0/../../../../include/c++/9.3.0/backward -internal-isystem /usr/local/include -internal-isystem /home/frodo/public/ugls_lab-4.0.70/packages/clang-10.0.0/lib/clang/10.0.0/include -internal-externc-isystem /include -internal-externc-isystem /usr/include -fdeprecated-macro -fdebug-compilation-dir /home/judeonyia/Documents/ECE596C_Assignments/ECE596C_Assgn_2/cpp_compile_time-JudeOnyia/cktmp/package-math_orig/derived/CMakeFiles/CMakeTmp -ferror-limit 19 -fmessage-length 0 -fgnuc-version=4.2.1 -fobjc-runtime=gcc -fcxx-exceptions -fexceptions -fdiagnostics-show-option -faddrsig -o CMakeFiles/cmTC_8652f.dir/CMakeCXXCompilerABI.cpp.o -x c++ /home/frodo/public/ugls_lab-4.0.70/packages/cmake-3.17.1/share/cmake-3.17/Modules/CMakeCXXCompilerABI.cpp]
  ignore line: [clang -cc1 version 10.0.0 based upon LLVM 10.0.0 default target x86_64-unknown-linux-gnu]
  ignore line: [ignoring nonexistent directory "/include"]
  ignore line: [#include "..." search starts here:]
  ignore line: [#include <...> search starts here:]
  ignore line: [ /home/frodo/public/ugls_lab-4.0.70/packages/boost/include]
  ignore line: [ /home/frodo/public/ugls_lab-4.0.70/packages/catch/include]
  ignore line: [ /home/frodo/public/ugls_lab-4.0.70/packages/gsl/include]
  ignore line: [ /home/frodo/public/ugls_lab-4.0.70/packages/CGAL/include]
  ignore line: [ /home/frodo/public/ugls_lab-4.0.70/packages/jasper/include]
  ignore line: [ /home/frodo/public/ugls_lab-4.0.70/packages/gcc/lib/gcc/x86_64-pc-linux-gnu/9.3.0/../../../../include/c++/9.3.0]
  ignore line: [ /home/frodo/public/ugls_lab-4.0.70/packages/gcc/lib/gcc/x86_64-pc-linux-gnu/9.3.0/../../../../include/c++/9.3.0/x86_64-pc-linux-gnu]
  ignore line: [ /home/frodo/public/ugls_lab-4.0.70/packages/gcc/lib/gcc/x86_64-pc-linux-gnu/9.3.0/../../../../include/c++/9.3.0/backward]
  ignore line: [ /usr/local/include]
  ignore line: [ /home/frodo/public/ugls_lab-4.0.70/packages/clang-10.0.0/lib/clang/10.0.0/include]
  ignore line: [ /usr/include]
  ignore line: [End of search list.]
  ignore line: [Linking CXX executable cmTC_8652f]
  ignore line: [/home/frodo/public/ugls_lab-4.0.70/packages/cmake-3.17.1/bin/cmake -E cmake_link_script CMakeFiles/cmTC_8652f.dir/link.txt --verbose=1]
  ignore line: [/home/frodo/public/ugls_lab-4.0.70/bin/clang++      -v -rdynamic CMakeFiles/cmTC_8652f.dir/CMakeCXXCompilerABI.cpp.o  -o cmTC_8652f ]
  ignore line: [clang version 10.0.0 ]
  ignore line: [Target: x86_64-unknown-linux-gnu]
  ignore line: [Thread model: posix]
  ignore line: [InstalledDir: /home/frodo/public/ugls_lab-4.0.70/packages/clang/bin]
  ignore line: [Found candidate GCC installation: /home/frodo/public/ugls_lab-4.0.70/packages/gcc/lib/gcc/x86_64-pc-linux-gnu/9.3.0]
  ignore line: [Selected GCC installation: /home/frodo/public/ugls_lab-4.0.70/packages/gcc/lib/gcc/x86_64-pc-linux-gnu/9.3.0]
  ignore line: [Candidate multilib: .]
  ignore line: [@m64]
  ignore line: [Selected multilib: .]
  ignore line: [@m64]
  link line: [ "/usr/bin/ld" -export-dynamic --hash-style=gnu --eh-frame-hdr -m elf_x86_64 -export-dynamic -dynamic-linker /lib64/ld-linux-x86-64.so.2 -o cmTC_8652f /lib/../lib64/crt1.o /lib/../lib64/crti.o /home/frodo/public/ugls_lab-4.0.70/packages/gcc/lib/gcc/x86_64-pc-linux-gnu/9.3.0/crtbegin.o -L/home/frodo/public/ugls_lab-4.0.70/packages/gcc/lib64 -L/home/frodo/public/ugls_lab-4.0.70/packages/clang/lib -L/home/frodo/public/ugls_lab-4.0.70/packages/boost/lib -L/home/frodo/public/ugls_lab-4.0.70/packages/catch/lib64 -L/home/frodo/public/ugls_lab-4.0.70/packages/CGAL/lib64 -L/home/frodo/public/ugls_lab-4.0.70/packages/jasper/lib64 -L/home/frodo/public/ugls_lab-4.0.70/packages/gcc/lib/gcc/x86_64-pc-linux-gnu/9.3.0 -L/home/frodo/public/ugls_lab-4.0.70/packages/gcc/lib/gcc/x86_64-pc-linux-gnu/9.3.0/../../../../lib64 -L/lib/../lib64 -L/usr/lib/../lib64 -L/home/frodo/public/ugls_lab-4.0.70/packages/gcc/lib/gcc/x86_64-pc-linux-gnu/9.3.0/../../.. -L/home/frodo/public/ugls_lab-4.0.70/packages/clang-10.0.0/bin/../lib -L/lib -L/usr/lib CMakeFiles/cmTC_8652f.dir/CMakeCXXCompilerABI.cpp.o -rpath /home/frodo/public/ugls_lab-4.0.70/packages/gcc/lib64 -rpath /home/frodo/public/ugls_lab-4.0.70/packages/clang/lib -rpath /home/frodo/public/ugls_lab-4.0.70/packages/boost/lib -rpath /home/frodo/public/ugls_lab-4.0.70/packages/catch/lib64 -rpath /home/frodo/public/ugls_lab-4.0.70/packages/CGAL/lib64 -rpath /home/frodo/public/ugls_lab-4.0.70/packages/jasper/lib64 -rpath /home/frodo/public/ugls_lab-4.0.70/packages/clang/lib64 -lstdc++ -lm -lgcc_s -lgcc -lc -lgcc_s -lgcc /home/frodo/public/ugls_lab-4.0.70/packages/gcc/lib/gcc/x86_64-pc-linux-gnu/9.3.0/crtend.o /lib/../lib64/crtn.o]
    arg [/usr/bin/ld] ==> ignore
    arg [-export-dynamic] ==> ignore
    arg [--hash-style=gnu] ==> ignore
    arg [--eh-frame-hdr] ==> ignore
    arg [-m] ==> ignore
    arg [elf_x86_64] ==> ignore
    arg [-export-dynamic] ==> ignore
    arg [-dynamic-linker] ==> ignore
    arg [/lib64/ld-linux-x86-64.so.2] ==> ignore
    arg [-o] ==> ignore
    arg [cmTC_8652f] ==> ignore
    arg [/lib/../lib64/crt1.o] ==> ignore
    arg [/lib/../lib64/crti.o] ==> ignore
    arg [/home/frodo/public/ugls_lab-4.0.70/packages/gcc/lib/gcc/x86_64-pc-linux-gnu/9.3.0/crtbegin.o] ==> ignore
    arg [-L/home/frodo/public/ugls_lab-4.0.70/packages/gcc/lib64] ==> dir [/home/frodo/public/ugls_lab-4.0.70/packages/gcc/lib64]
    arg [-L/home/frodo/public/ugls_lab-4.0.70/packages/clang/lib] ==> dir [/home/frodo/public/ugls_lab-4.0.70/packages/clang/lib]
    arg [-L/home/frodo/public/ugls_lab-4.0.70/packages/boost/lib] ==> dir [/home/frodo/public/ugls_lab-4.0.70/packages/boost/lib]
    arg [-L/home/frodo/public/ugls_lab-4.0.70/packages/catch/lib64] ==> dir [/home/frodo/public/ugls_lab-4.0.70/packages/catch/lib64]
    arg [-L/home/frodo/public/ugls_lab-4.0.70/packages/CGAL/lib64] ==> dir [/home/frodo/public/ugls_lab-4.0.70/packages/CGAL/lib64]
    arg [-L/home/frodo/public/ugls_lab-4.0.70/packages/jasper/lib64] ==> dir [/home/frodo/public/ugls_lab-4.0.70/packages/jasper/lib64]
    arg [-L/home/frodo/public/ugls_lab-4.0.70/packages/gcc/lib/gcc/x86_64-pc-linux-gnu/9.3.0] ==> dir [/home/frodo/public/ugls_lab-4.0.70/packages/gcc/lib/gcc/x86_64-pc-linux-gnu/9.3.0]
    arg [-L/home/frodo/public/ugls_lab-4.0.70/packages/gcc/lib/gcc/x86_64-pc-linux-gnu/9.3.0/../../../../lib64] ==> dir [/home/frodo/public/ugls_lab-4.0.70/packages/gcc/lib/gcc/x86_64-pc-linux-gnu/9.3.0/../../../../lib64]
    arg [-L/lib/../lib64] ==> dir [/lib/../lib64]
    arg [-L/usr/lib/../lib64] ==> dir [/usr/lib/../lib64]
    arg [-L/home/frodo/public/ugls_lab-4.0.70/packages/gcc/lib/gcc/x86_64-pc-linux-gnu/9.3.0/../../..] ==> dir [/home/frodo/public/ugls_lab-4.0.70/packages/gcc/lib/gcc/x86_64-pc-linux-gnu/9.3.0/../../..]
    arg [-L/home/frodo/public/ugls_lab-4.0.70/packages/clang-10.0.0/bin/../lib] ==> dir [/home/frodo/public/ugls_lab-4.0.70/packages/clang-10.0.0/bin/../lib]
    arg [-L/lib] ==> dir [/lib]
    arg [-L/usr/lib] ==> dir [/usr/lib]
    arg [CMakeFiles/cmTC_8652f.dir/CMakeCXXCompilerABI.cpp.o] ==> ignore
    arg [-rpath] ==> ignore
    arg [/home/frodo/public/ugls_lab-4.0.70/packages/gcc/lib64] ==> ignore
    arg [-rpath] ==> ignore
    arg [/home/frodo/public/ugls_lab-4.0.70/packages/clang/lib] ==> ignore
    arg [-rpath] ==> ignore
    arg [/home/frodo/public/ugls_lab-4.0.70/packages/boost/lib] ==> ignore
    arg [-rpath] ==> ignore
    arg [/home/frodo/public/ugls_lab-4.0.70/packages/catch/lib64] ==> ignore
    arg [-rpath] ==> ignore
    arg [/home/frodo/public/ugls_lab-4.0.70/packages/CGAL/lib64] ==> ignore
    arg [-rpath] ==> ignore
    arg [/home/frodo/public/ugls_lab-4.0.70/packages/jasper/lib64] ==> ignore
    arg [-rpath] ==> ignore
    arg [/home/frodo/public/ugls_lab-4.0.70/packages/clang/lib64] ==> ignore
    arg [-lstdc++] ==> lib [stdc++]
    arg [-lm] ==> lib [m]
    arg [-lgcc_s] ==> lib [gcc_s]
    arg [-lgcc] ==> lib [gcc]
    arg [-lc] ==> lib [c]
    arg [-lgcc_s] ==> lib [gcc_s]
    arg [-lgcc] ==> lib [gcc]
    arg [/home/frodo/public/ugls_lab-4.0.70/packages/gcc/lib/gcc/x86_64-pc-linux-gnu/9.3.0/crtend.o] ==> ignore
    arg [/lib/../lib64/crtn.o] ==> ignore
  collapse library dir [/home/frodo/public/ugls_lab-4.0.70/packages/gcc/lib64] ==> [/home/frodo/public/ugls_lab-4.0.70/packages/gcc/lib64]
  collapse library dir [/home/frodo/public/ugls_lab-4.0.70/packages/clang/lib] ==> [/home/frodo/public/ugls_lab-4.0.70/packages/clang/lib]
  collapse library dir [/home/frodo/public/ugls_lab-4.0.70/packages/boost/lib] ==> [/home/frodo/public/ugls_lab-4.0.70/packages/boost/lib]
  collapse library dir [/home/frodo/public/ugls_lab-4.0.70/packages/catch/lib64] ==> [/home/frodo/public/ugls_lab-4.0.70/packages/catch/lib64]
  collapse library dir [/home/frodo/public/ugls_lab-4.0.70/packages/CGAL/lib64] ==> [/home/frodo/public/ugls_lab-4.0.70/packages/CGAL/lib64]
  collapse library dir [/home/frodo/public/ugls_lab-4.0.70/packages/jasper/lib64] ==> [/home/frodo/public/ugls_lab-4.0.70/packages/jasper/lib64]
  collapse library dir [/home/frodo/public/ugls_lab-4.0.70/packages/gcc/lib/gcc/x86_64-pc-linux-gnu/9.3.0] ==> [/home/frodo/public/ugls_lab-4.0.70/packages/gcc/lib/gcc/x86_64-pc-linux-gnu/9.3.0]
  collapse library dir [/home/frodo/public/ugls_lab-4.0.70/packages/gcc/lib/gcc/x86_64-pc-linux-gnu/9.3.0/../../../../lib64] ==> [/home/frodo/public/ugls_lab-4.0.70/packages/gcc/lib64]
  collapse library dir [/lib/../lib64] ==> [/lib64]
  collapse library dir [/usr/lib/../lib64] ==> [/usr/lib64]
  collapse library dir [/home/frodo/public/ugls_lab-4.0.70/packages/gcc/lib/gcc/x86_64-pc-linux-gnu/9.3.0/../../..] ==> [/home/frodo/public/ugls_lab-4.0.70/packages/gcc/lib]
  collapse library dir [/home/frodo/public/ugls_lab-4.0.70/packages/clang-10.0.0/bin/../lib] ==> [/home/frodo/public/ugls_lab-4.0.70/packages/clang-10.0.0/lib]
  collapse library dir [/lib] ==> [/lib]
  collapse library dir [/usr/lib] ==> [/usr/lib]
  implicit libs: [stdc++;m;gcc_s;gcc;c;gcc_s;gcc]
  implicit dirs: [/home/frodo/public/ugls_lab-4.0.70/packages/gcc/lib64;/home/frodo/public/ugls_lab-4.0.70/packages/clang/lib;/home/frodo/public/ugls_lab-4.0.70/packages/boost/lib;/home/frodo/public/ugls_lab-4.0.70/packages/catch/lib64;/home/frodo/public/ugls_lab-4.0.70/packages/CGAL/lib64;/home/frodo/public/ugls_lab-4.0.70/packages/jasper/lib64;/home/frodo/public/ugls_lab-4.0.70/packages/gcc/lib/gcc/x86_64-pc-linux-gnu/9.3.0;/lib64;/usr/lib64;/home/frodo/public/ugls_lab-4.0.70/packages/gcc/lib;/home/frodo/public/ugls_lab-4.0.70/packages/clang-10.0.0/lib;/lib;/usr/lib]
  implicit fwks: []


